# JRE version: OpenJDK Runtime Environment (8.0_202-b03) (build 1.8.0_202-release-1483-b03)
# Java VM: OpenJDK 64-Bit Server VM (25.202-b03 mixed mode windows-amd64 compressed oops)
Heap:
 PSYoungGen      total 50688K, used 34488K [0x00000000e0000000, 0x00000000e3900000, 0x0000000100000000)
  eden space 43008K, 66% used [0x00000000e0000000,0x00000000e1c200b8,0x00000000e2a00000)
  from space 7680K, 74% used [0x00000000e3180000,0x00000000e370e038,0x00000000e3900000)
  to   space 7680K, 0% used [0x00000000e2a00000,0x00000000e2a00000,0x00000000e3180000)
 ParOldGen       total 32256K, used 7916K [0x00000000a0000000, 0x00000000a1f80000, 0x00000000e0000000)
  object space 32256K, 24% used [0x00000000a0000000,0x00000000a07bb308,0x00000000a1f80000)
 Metaspace       used 31163K, capacity 31788K, committed 32128K, reserved 1077248K
  class space    used 4188K, capacity 4395K, committed 4480K, reserved 1048576K
GC Heap History (10 events):
Event: 32.349 GC heap before
{Heap before GC invocations=7 (full 0):
 PSYoungGen      total 36864K, used 36853K [0x00000000e0000000, 0x00000000e2c00000, 0x0000000100000000)
  eden space 30720K, 100% used [0x00000000e0000000,0x00000000e1e00000,0x00000000e1e00000)
  from space 6144K, 99% used [0x00000000e2500000,0x00000000e2afd438,0x00000000e2b00000)
  to   space 7168K, 0% used [0x00000000e1e00000,0x00000000e1e00000,0x00000000e2500000)
 ParOldGen       total 44032K, used 5894K [0x00000000a0000000, 0x00000000a2b00000, 0x00000000e0000000)
  object space 44032K, 13% used [0x00000000a0000000,0x00000000a05c18c0,0x00000000a2b00000)
 Metaspace       used 18677K, capacity 19208K, committed 19328K, reserved 1064960K
  class space    used 2693K, capacity 2887K, committed 2944K, reserved 1048576K
Event: 32.371 GC heap after
Heap after GC invocations=7 (full 0):
 PSYoungGen      total 37376K, used 5928K [0x00000000e0000000, 0x00000000e2c80000, 0x0000000100000000)
  eden space 30208K, 0% used [0x00000000e0000000,0x00000000e0000000,0x00000000e1d80000)
  from space 7168K, 82% used [0x00000000e1e00000,0x00000000e23ca090,0x00000000e2500000)
  to   space 7680K, 0% used [0x00000000e2500000,0x00000000e2500000,0x00000000e2c80000)
 ParOldGen       total 44032K, used 6753K [0x00000000a0000000, 0x00000000a2b00000, 0x00000000e0000000)
  object space 44032K, 15% used [0x00000000a0000000,0x00000000a06987b0,0x00000000a2b00000)
 Metaspace       used 18677K, capacity 19208K, committed 19328K, reserved 1064960K
  class space    used 2693K, capacity 2887K, committed 2944K, reserved 1048576K
}
Event: 33.682 GC heap before
{Heap before GC invocations=8 (full 0):
 PSYoungGen      total 37376K, used 24026K [0x00000000e0000000, 0x00000000e2c80000, 0x0000000100000000)
  eden space 30208K, 59% used [0x00000000e0000000,0x00000000e11ac858,0x00000000e1d80000)
  from space 7168K, 82% used [0x00000000e1e00000,0x00000000e23ca090,0x00000000e2500000)
  to   space 7680K, 0% used [0x00000000e2500000,0x00000000e2500000,0x00000000e2c80000)
 ParOldGen       total 44032K, used 6753K [0x00000000a0000000, 0x00000000a2b00000, 0x00000000e0000000)
  object space 44032K, 15% used [0x00000000a0000000,0x00000000a06987b0,0x00000000a2b00000)
 Metaspace       used 20690K, capacity 21160K, committed 21296K, reserved 1067008K
  class space    used 2951K, capacity 3124K, committed 3200K, reserved 1048576K
Event: 33.725 GC heap after
Heap after GC invocations=8 (full 0):
 PSYoungGen      total 37888K, used 4820K [0x00000000e0000000, 0x00000000e4a00000, 0x0000000100000000)
  eden space 30208K, 0% used [0x00000000e0000000,0x00000000e0000000,0x00000000e1d80000)
  from space 7680K, 62% used [0x00000000e2500000,0x00000000e29b50f8,0x00000000e2c80000)
  to   space 7680K, 0% used [0x00000000e1d80000,0x00000000e1d80000,0x00000000e2500000)
 ParOldGen       total 44032K, used 7473K [0x00000000a0000000, 0x00000000a2b00000, 0x00000000e0000000)
  object space 44032K, 16% used [0x00000000a0000000,0x00000000a074c7d0,0x00000000a2b00000)
 Metaspace       used 20690K, capacity 21160K, committed 21296K, reserved 1067008K
  class space    used 2951K, capacity 3124K, committed 3200K, reserved 1048576K
}
Event: 33.725 GC heap before
{Heap before GC invocations=9 (full 1):
 PSYoungGen      total 37888K, used 4820K [0x00000000e0000000, 0x00000000e4a00000, 0x0000000100000000)
  eden space 30208K, 0% used [0x00000000e0000000,0x00000000e0000000,0x00000000e1d80000)
  from space 7680K, 62% used [0x00000000e2500000,0x00000000e29b50f8,0x00000000e2c80000)
  to   space 7680K, 0% used [0x00000000e1d80000,0x00000000e1d80000,0x00000000e2500000)
 ParOldGen       total 44032K, used 7473K [0x00000000a0000000, 0x00000000a2b00000, 0x00000000e0000000)
  object space 44032K, 16% used [0x00000000a0000000,0x00000000a074c7d0,0x00000000a2b00000)
 Metaspace       used 20690K, capacity 21160K, committed 21296K, reserved 1067008K
  class space    used 2951K, capacity 3124K, committed 3200K, reserved 1048576K
Event: 33.903 GC heap after
Heap after GC invocations=9 (full 1):
 PSYoungGen      total 37888K, used 0K [0x00000000e0000000, 0x00000000e4a00000, 0x0000000100000000)
  eden space 30208K, 0% used [0x00000000e0000000,0x00000000e0000000,0x00000000e1d80000)
  from space 7680K, 0% used [0x00000000e2500000,0x00000000e2500000,0x00000000e2c80000)
  to   space 7680K, 0% used [0x00000000e1d80000,0x00000000e1d80000,0x00000000e2500000)
 ParOldGen       total 32256K, used 7908K [0x00000000a0000000, 0x00000000a1f80000, 0x00000000e0000000)
  object space 32256K, 24% used [0x00000000a0000000,0x00000000a07b9308,0x00000000a1f80000)
 Metaspace       used 20690K, capacity 21160K, committed 21296K, reserved 1067008K
  class space    used 2951K, capacity 3124K, committed 3200K, reserved 1048576K
}
Event: 36.485 GC heap before
{Heap before GC invocations=10 (full 1):
 PSYoungGen      total 37888K, used 30208K [0x00000000e0000000, 0x00000000e4a00000, 0x0000000100000000)
  eden space 30208K, 100% used [0x00000000e0000000,0x00000000e1d80000,0x00000000e1d80000)
  from space 7680K, 0% used [0x00000000e2500000,0x00000000e2500000,0x00000000e2c80000)
  to   space 7680K, 0% used [0x00000000e1d80000,0x00000000e1d80000,0x00000000e2500000)
 ParOldGen       total 32256K, used 7908K [0x00000000a0000000, 0x00000000a1f80000, 0x00000000e0000000)
  object space 32256K, 24% used [0x00000000a0000000,0x00000000a07b9308,0x00000000a1f80000)
 Metaspace       used 24915K, capacity 25440K, committed 25600K, reserved 1071104K
  class space    used 3370K, capacity 3546K, committed 3584K, reserved 1048576K
Event: 36.507 GC heap after
Heap after GC invocations=10 (full 1):
 PSYoungGen      total 37888K, used 5065K [0x00000000e0000000, 0x00000000e3900000, 0x0000000100000000)
  eden space 30208K, 0% used [0x00000000e0000000,0x00000000e0000000,0x00000000e1d80000)
  from space 7680K, 65% used [0x00000000e1d80000,0x00000000e2272650,0x00000000e2500000)
  to   space 7680K, 0% used [0x00000000e3180000,0x00000000e3180000,0x00000000e3900000)
 ParOldGen       total 32256K, used 7908K [0x00000000a0000000, 0x00000000a1f80000, 0x00000000e0000000)
  object space 32256K, 24% used [0x00000000a0000000,0x00000000a07b9308,0x00000000a1f80000)
 Metaspace       used 24915K, capacity 25440K, committed 25600K, reserved 1071104K
  class space    used 3370K, capacity 3546K, committed 3584K, reserved 1048576K
}
Event: 38.792 GC heap before
{Heap before GC invocations=11 (full 1):
 PSYoungGen      total 37888K, used 35273K [0x00000000e0000000, 0x00000000e3900000, 0x0000000100000000)
  eden space 30208K, 100% used [0x00000000e0000000,0x00000000e1d80000,0x00000000e1d80000)
  from space 7680K, 65% used [0x00000000e1d80000,0x00000000e2272650,0x00000000e2500000)
  to   space 7680K, 0% used [0x00000000e3180000,0x00000000e3180000,0x00000000e3900000)
 ParOldGen       total 32256K, used 7908K [0x00000000a0000000, 0x00000000a1f80000, 0x00000000e0000000)
  object space 32256K, 24% used [0x00000000a0000000,0x00000000a07b9308,0x00000000a1f80000)
 Metaspace       used 29119K, capacity 29626K, committed 29952K, reserved 1075200K
  class space    used 3839K, capacity 4040K, committed 4096K, reserved 1048576K
Event: 38.812 GC heap after
Heap after GC invocations=11 (full 1):
 PSYoungGen      total 50688K, used 5688K [0x00000000e0000000, 0x00000000e3900000, 0x0000000100000000)
  eden space 43008K, 0% used [0x00000000e0000000,0x00000000e0000000,0x00000000e2a00000)
  from space 7680K, 74% used [0x00000000e3180000,0x00000000e370e038,0x00000000e3900000)
  to   space 7680K, 0% used [0x00000000e2a00000,0x00000000e2a00000,0x00000000e3180000)
 ParOldGen       total 32256K, used 7916K [0x00000000a0000000, 0x00000000a1f80000, 0x00000000e0000000)
  object space 32256K, 24% used [0x00000000a0000000,0x00000000a07bb308,0x00000000a1f80000)
 Metaspace       used 29119K, capacity 29626K, committed 29952K, reserved 1075200K
  class space    used 3839K, capacity 4040K, committed 4096K, reserved 1048576K
}

