# JRE version: OpenJDK Runtime Environment (8.0_202-b03) (build 1.8.0_202-release-1483-b03)
# Java VM: OpenJDK 64-Bit Server VM (25.202-b03 mixed mode windows-amd64 compressed oops)
Heap:
 PSYoungGen      total 343552K, used 111270K [0x00000000e0000000, 0x00000000f7900000, 0x0000000100000000)
  eden space 304128K, 36% used [0x00000000e0000000,0x00000000e6ca9a68,0x00000000f2900000)
  from space 39424K, 0% used [0x00000000f2900000,0x00000000f2900000,0x00000000f4f80000)
  to   space 34816K, 0% used [0x00000000f5700000,0x00000000f5700000,0x00000000f7900000)
 ParOldGen       total 147456K, used 70748K [0x00000000a0000000, 0x00000000a9000000, 0x00000000e0000000)
  object space 147456K, 47% used [0x00000000a0000000,0x00000000a45171b8,0x00000000a9000000)
 Metaspace       used 101956K, capacity 106333K, committed 106496K, reserved 1148928K
  class space    used 12934K, capacity 13809K, committed 13824K, reserved 1048576K
GC Heap History (10 events):
Event: 510.862 GC heap before
{Heap before GC invocations=38 (full 5):
 PSYoungGen      total 346112K, used 3040K [0x00000000e0000000, 0x00000000f8600000, 0x0000000100000000)
  eden space 304128K, 0% used [0x00000000e0000000,0x00000000e02f80f8,0x00000000f2900000)
  from space 41984K, 0% used [0x00000000f4f80000,0x00000000f4f80000,0x00000000f7880000)
  to   space 39424K, 0% used [0x00000000f2900000,0x00000000f2900000,0x00000000f4f80000)
 ParOldGen       total 147456K, used 69497K [0x00000000a0000000, 0x00000000a9000000, 0x00000000e0000000)
  object space 147456K, 47% used [0x00000000a0000000,0x00000000a43de568,0x00000000a9000000)
 Metaspace       used 94104K, capacity 97880K, committed 98176K, reserved 1138688K
  class space    used 11837K, capacity 12624K, committed 12672K, reserved 1048576K
Event: 510.866 GC heap after
Heap after GC invocations=38 (full 5):
 PSYoungGen      total 343552K, used 64K [0x00000000e0000000, 0x00000000f8600000, 0x0000000100000000)
  eden space 304128K, 0% used [0x00000000e0000000,0x00000000e0000000,0x00000000f2900000)
  from space 39424K, 0% used [0x00000000f2900000,0x00000000f2910000,0x00000000f4f80000)
  to   space 41984K, 0% used [0x00000000f4f80000,0x00000000f4f80000,0x00000000f7880000)
 ParOldGen       total 147456K, used 69497K [0x00000000a0000000, 0x00000000a9000000, 0x00000000e0000000)
  object space 147456K, 47% used [0x00000000a0000000,0x00000000a43de568,0x00000000a9000000)
 Metaspace       used 94104K, capacity 97880K, committed 98176K, reserved 1138688K
  class space    used 11837K, capacity 12624K, committed 12672K, reserved 1048576K
}
Event: 511.800 GC heap before
{Heap before GC invocations=39 (full 5):
 PSYoungGen      total 343552K, used 57572K [0x00000000e0000000, 0x00000000f8600000, 0x0000000100000000)
  eden space 304128K, 18% used [0x00000000e0000000,0x00000000e38290a0,0x00000000f2900000)
  from space 39424K, 0% used [0x00000000f2900000,0x00000000f2910000,0x00000000f4f80000)
  to   space 41984K, 0% used [0x00000000f4f80000,0x00000000f4f80000,0x00000000f7880000)
 ParOldGen       total 147456K, used 69497K [0x00000000a0000000, 0x00000000a9000000, 0x00000000e0000000)
  object space 147456K, 47% used [0x00000000a0000000,0x00000000a43de568,0x00000000a9000000)
 Metaspace       used 98123K, capacity 102075K, committed 102144K, reserved 1150976K
  class space    used 12469K, capacity 13282K, committed 13312K, reserved 1048576K
Event: 511.812 GC heap after
Heap after GC invocations=39 (full 5):
 PSYoungGen      total 346112K, used 7048K [0x00000000e0000000, 0x00000000f8600000, 0x0000000100000000)
  eden space 304128K, 0% used [0x00000000e0000000,0x00000000e0000000,0x00000000f2900000)
  from space 41984K, 16% used [0x00000000f4f80000,0x00000000f5662030,0x00000000f7880000)
  to   space 39424K, 0% used [0x00000000f2900000,0x00000000f2900000,0x00000000f4f80000)
 ParOldGen       total 147456K, used 69505K [0x00000000a0000000, 0x00000000a9000000, 0x00000000e0000000)
  object space 147456K, 47% used [0x00000000a0000000,0x00000000a43e0568,0x00000000a9000000)
 Metaspace       used 98123K, capacity 102075K, committed 102144K, reserved 1150976K
  class space    used 12469K, capacity 13282K, committed 13312K, reserved 1048576K
}
Event: 511.812 GC heap before
{Heap before GC invocations=40 (full 6):
 PSYoungGen      total 346112K, used 7048K [0x00000000e0000000, 0x00000000f8600000, 0x0000000100000000)
  eden space 304128K, 0% used [0x00000000e0000000,0x00000000e0000000,0x00000000f2900000)
  from space 41984K, 16% used [0x00000000f4f80000,0x00000000f5662030,0x00000000f7880000)
  to   space 39424K, 0% used [0x00000000f2900000,0x00000000f2900000,0x00000000f4f80000)
 ParOldGen       total 147456K, used 69505K [0x00000000a0000000, 0x00000000a9000000, 0x00000000e0000000)
  object space 147456K, 47% used [0x00000000a0000000,0x00000000a43e0568,0x00000000a9000000)
 Metaspace       used 98123K, capacity 102075K, committed 102144K, reserved 1150976K
  class space    used 12469K, capacity 13282K, committed 13312K, reserved 1048576K
Event: 512.032 GC heap after
Heap after GC invocations=40 (full 6):
 PSYoungGen      total 346112K, used 0K [0x00000000e0000000, 0x00000000f8600000, 0x0000000100000000)
  eden space 304128K, 0% used [0x00000000e0000000,0x00000000e0000000,0x00000000f2900000)
  from space 41984K, 0% used [0x00000000f4f80000,0x00000000f4f80000,0x00000000f7880000)
  to   space 39424K, 0% used [0x00000000f2900000,0x00000000f2900000,0x00000000f4f80000)
 ParOldGen       total 147456K, used 73727K [0x00000000a0000000, 0x00000000a9000000, 0x00000000e0000000)
  object space 147456K, 49% used [0x00000000a0000000,0x00000000a47ffd50,0x00000000a9000000)
 Metaspace       used 98100K, capacity 102015K, committed 102144K, reserved 1146880K
  class space    used 12461K, capacity 13268K, committed 13312K, reserved 1048576K
}
Event: 512.035 GC heap before
{Heap before GC invocations=41 (full 6):
 PSYoungGen      total 346112K, used 3546K [0x00000000e0000000, 0x00000000f8600000, 0x0000000100000000)
  eden space 304128K, 1% used [0x00000000e0000000,0x00000000e0376980,0x00000000f2900000)
  from space 41984K, 0% used [0x00000000f4f80000,0x00000000f4f80000,0x00000000f7880000)
  to   space 39424K, 0% used [0x00000000f2900000,0x00000000f2900000,0x00000000f4f80000)
 ParOldGen       total 147456K, used 73727K [0x00000000a0000000, 0x00000000a9000000, 0x00000000e0000000)
  object space 147456K, 49% used [0x00000000a0000000,0x00000000a47ffd50,0x00000000a9000000)
 Metaspace       used 98107K, capacity 102015K, committed 102144K, reserved 1150976K
  class space    used 12464K, capacity 13268K, committed 13312K, reserved 1048576K
Event: 512.038 GC heap after
Heap after GC invocations=41 (full 6):
 PSYoungGen      total 343552K, used 160K [0x00000000e0000000, 0x00000000f7900000, 0x0000000100000000)
  eden space 304128K, 0% used [0x00000000e0000000,0x00000000e0000000,0x00000000f2900000)
  from space 39424K, 0% used [0x00000000f2900000,0x00000000f2928000,0x00000000f4f80000)
  to   space 34816K, 0% used [0x00000000f5700000,0x00000000f5700000,0x00000000f7900000)
 ParOldGen       total 147456K, used 73727K [0x00000000a0000000, 0x00000000a9000000, 0x00000000e0000000)
  object space 147456K, 49% used [0x00000000a0000000,0x00000000a47ffd50,0x00000000a9000000)
 Metaspace       used 98107K, capacity 102015K, committed 102144K, reserved 1150976K
  class space    used 12464K, capacity 13268K, committed 13312K, reserved 1048576K
}
Event: 512.038 GC heap before
{Heap before GC invocations=42 (full 7):
 PSYoungGen      total 343552K, used 160K [0x00000000e0000000, 0x00000000f7900000, 0x0000000100000000)
  eden space 304128K, 0% used [0x00000000e0000000,0x00000000e0000000,0x00000000f2900000)
  from space 39424K, 0% used [0x00000000f2900000,0x00000000f2928000,0x00000000f4f80000)
  to   space 34816K, 0% used [0x00000000f5700000,0x00000000f5700000,0x00000000f7900000)
 ParOldGen       total 147456K, used 73727K [0x00000000a0000000, 0x00000000a9000000, 0x00000000e0000000)
  object space 147456K, 49% used [0x00000000a0000000,0x00000000a47ffd50,0x00000000a9000000)
 Metaspace       used 98107K, capacity 102015K, committed 102144K, reserved 1150976K
  class space    used 12464K, capacity 13268K, committed 13312K, reserved 1048576K
Event: 512.244 GC heap after
Heap after GC invocations=42 (full 7):
 PSYoungGen      total 343552K, used 0K [0x00000000e0000000, 0x00000000f7900000, 0x0000000100000000)
  eden space 304128K, 0% used [0x00000000e0000000,0x00000000e0000000,0x00000000f2900000)
  from space 39424K, 0% used [0x00000000f2900000,0x00000000f2900000,0x00000000f4f80000)
  to   space 34816K, 0% used [0x00000000f5700000,0x00000000f5700000,0x00000000f7900000)
 ParOldGen       total 147456K, used 70748K [0x00000000a0000000, 0x00000000a9000000, 0x00000000e0000000)
  object space 147456K, 47% used [0x00000000a0000000,0x00000000a45171b8,0x00000000a9000000)
 Metaspace       used 98107K, capacity 102015K, committed 102144K, reserved 1146880K
  class space    used 12464K, capacity 13268K, committed 13312K, reserved 1048576K
}

